<?xml version='1.0' encoding='UTF-8'?>
<testsuite hostname="DESKTOP-879SSTE" name="com.sagar.addressbook.AddressBookSuite" tests="4" errors="0" failures="0" time="0.155">
                     <properties>
[...]
</properties>
                     <testcase classname="com.sagar.addressbook.AddressBookSuite" name="AddressBook - check number of males" time="0.018">
                                                 
                                               </testcase><testcase classname="com.sagar.addressbook.AddressBookSuite" name="AddressBook - check oldest" time="0.003">
                                                 
                                               </testcase><testcase classname="com.sagar.addressbook.AddressBookSuite" name="AddressBook - check birthdate" time="0.132">
                                                 
                                               </testcase><testcase classname="com.sagar.addressbook.AddressBookSuite" name="AddressBook - check difference in birth days" time="0.002">
                                                 
                                               </testcase>
                     <system-out></system-out>
                     <system-err></system-err>
                   </testsuite>